#
# There is insufficient memory for the Java Runtime Environment to continue.
# Native memory allocation (malloc) failed to allocate 351216 bytes for Chunk::new
# Possible reasons:
#   The system is out of physical RAM or swap space
#   In 32 bit mode, the process size limit was hit
# Possible solutions:
#   Reduce memory load on the system
#   Increase physical memory or swap space
#   Check if swap backing store is full
#   Use 64 bit Java on a 64 bit OS
#   Decrease Java heap size (-Xmx/-Xms)
#   Decrease number of Java threads
#   Decrease Java thread stack sizes (-Xss)
#   Set larger code cache with -XX:ReservedCodeCacheSize=
# This output file may be truncated or incomplete.
#
#  Out of Memory Error (allocation.cpp:390), pid=216, tid=0x0000000000001004
#
# JRE version: Java(TM) SE Runtime Environment (8.0_101-b13) (build 1.8.0_101-b13)
# Java VM: Java HotSpot(TM) 64-Bit Server VM (25.101-b13 mixed mode windows-amd64 compressed oops)
# Failed to write core dump. Minidumps are not enabled by default on client versions of Windows
#

---------------  T H R E A D  ---------------

Current thread (0x0000000055325000):  JavaThread "C2 CompilerThread0" daemon [_thread_in_native, id=4100, stack(0x0000000056bc0000,0x0000000056cc0000)]

Stack: [0x0000000056bc0000,0x0000000056cc0000]
[error occurred during error reporting (printing stack bounds), id 0xc0000005]

Native frames: (J=compiled Java code, j=interpreted, Vv=VM code, C=native code)


Current CompileTask:
C2: 216082 2220   !   4       java.awt.EventDispatchThread::pumpOneEventForFilters (295 bytes)


---------------  P R O C E S S  ---------------

Java Threads: ( => current thread )
  0x000000005771a800 JavaThread "TimerQueue" daemon [_thread_blocked, id=4744, stack(0x000000005bbc0000,0x000000005bcc0000)]
  0x0000000057710800 JavaThread "D3D Screen Updater" daemon [_thread_blocked, id=4704, stack(0x000000005b7d0000,0x000000005b8d0000)]
  0x0000000001d2d800 JavaThread "DestroyJavaVM" [_thread_blocked, id=3752, stack(0x0000000002430000,0x0000000002530000)]
  0x0000000057681800 JavaThread "Swing-Shell" daemon [_thread_blocked, id=1672, stack(0x000000005a590000,0x000000005a690000)]
  0x0000000057620800 JavaThread "AWT-EventQueue-0" [_thread_blocked, id=3792, stack(0x000000005a060000,0x000000005a160000)]
  0x00000000575ad800 JavaThread "AWT-Windows" daemon [_thread_in_native, id=2076, stack(0x0000000058050000,0x0000000058150000)]
  0x00000000575ac800 JavaThread "AWT-Shutdown" [_thread_blocked, id=2672, stack(0x0000000057390000,0x0000000057490000)]
  0x00000000575aa000 JavaThread "Java2D Disposer" daemon [_thread_blocked, id=4892, stack(0x0000000057dc0000,0x0000000057ec0000)]
  0x0000000056ebc800 JavaThread "Service Thread" daemon [_thread_blocked, id=1684, stack(0x0000000056650000,0x0000000056750000)]
  0x0000000056e48800 JavaThread "C1 CompilerThread2" daemon [_thread_blocked, id=1320, stack(0x0000000057290000,0x0000000057390000)]
  0x000000005532e000 JavaThread "C2 CompilerThread1" daemon [_thread_blocked, id=356, stack(0x0000000056d40000,0x0000000056e40000)]
=>0x0000000055325000 JavaThread "C2 CompilerThread0" daemon [_thread_in_native, id=4100, stack(0x0000000056bc0000,0x0000000056cc0000)]
  0x0000000055323800 JavaThread "Attach Listener" daemon [_thread_blocked, id=3864, stack(0x00000000569d0000,0x0000000056ad0000)]
  0x0000000055320000 JavaThread "Signal Dispatcher" daemon [_thread_blocked, id=4640, stack(0x00000000567c0000,0x00000000568c0000)]
  0x0000000055308800 JavaThread "Finalizer" daemon [_thread_blocked, id=5028, stack(0x0000000056430000,0x0000000056530000)]
  0x00000000552c1800 JavaThread "Reference Handler" daemon [_thread_blocked, id=624, stack(0x0000000056140000,0x0000000056240000)]

Other Threads:
  0x00000000552ba000 VMThread [stack: 0x00000000562a0000,0x00000000563a0000] [id=2052]
  0x0000000056ec7000 WatcherThread [stack: 0x0000000057490000,0x0000000057590000] [id=3932]

VM state:not at safepoint (normal execution)

VM Mutex/Monitor currently owned by a thread: None

Heap:
 PSYoungGen      total 348672K, used 340573K [0x00000000eab00000, 0x0000000100000000, 0x0000000100000000)
  eden space 348160K, 97% used [0x00000000eab00000,0x00000000ff797488,0x00000000fff00000)
  from space 512K, 0% used [0x00000000fff80000,0x00000000fff80000,0x0000000100000000)
  to   space 512K, 0% used [0x00000000fff00000,0x00000000fff00000,0x00000000fff80000)
 ParOldGen       total 699392K, used 653078K [0x00000000c0000000, 0x00000000eab00000, 0x00000000eab00000)
  object space 699392K, 93% used [0x00000000c0000000,0x00000000e7dc5950,0x00000000eab00000)
 Metaspace       used 14725K, capacity 15042K, committed 15360K, reserved 1062912K
  class space    used 1886K, capacity 1969K, committed 2048K, reserved 1048576K

Card table byte_map: [0x0000000011bc0000,0x0000000011dd0000] byte_map_base: 0x00000000115c0000

Marking Bits: (ParMarkBitMap*) 0x000000006ac8a6d0
 Begin Bits: [0x0000000012730000, 0x0000000013730000)
 End Bits:   [0x0000000013730000, 0x0000000014730000)

Polling page: 0x0000000000320000

CodeCache: size=245760Kb used=6911Kb max_used=6934Kb free=238848Kb
 bounds [0x0000000002800000, 0x0000000002ee0000, 0x0000000011800000]
 total_blobs=2594 nmethods=2065 adapters=442
 compilation: enabled

Compilation events (10 events):
Event: 214.549 Thread 0x000000005532e000 nmethod 2217 0x0000000002ea4f10 code [0x0000000002ea5060, 0x0000000002ea5118]
Event: 214.573 Thread 0x0000000055325000 nmethod 2216 0x0000000002eb8110 code [0x0000000002eb8300, 0x0000000002eb9150]
Event: 214.916 Thread 0x0000000056e48800 2218       3       java.awt.Toolkit$SelectiveAWTEventListener::eventDispatched (745 bytes)
Event: 214.918 Thread 0x0000000056e48800 nmethod 2218 0x0000000002eb1450 code [0x0000000002eb1680, 0x0000000002eb2c08]
Event: 215.260 Thread 0x000000005532e000 2219   !   4       java.awt.EventQueue::getNextEvent (84 bytes)
Event: 215.268 Thread 0x0000000055325000 2220   !   4       java.awt.EventDispatchThread::pumpOneEventForFilters (295 bytes)
Event: 215.430 Thread 0x000000005532e000 nmethod 2219 0x0000000002ebebd0 code [0x0000000002ebef20, 0x0000000002ec0b10]
Event: 215.430 Thread 0x000000005532e000 2221       4       java.awt.EventQueue$3::run (5 bytes)
Event: 215.582 Thread 0x000000005532e000 nmethod 2221 0x0000000002ec2e10 code [0x0000000002ec3040, 0x0000000002ec3c30]
Event: 215.583 Thread 0x000000005532e000 2222   !   4       java.awt.Container::dispatchEventImpl (129 bytes)

GC Heap History (10 events):
Event: 116.574 GC heap before
{Heap before GC invocations=124 (full 70):
 PSYoungGen      total 348672K, used 314557K [0x00000000eab00000, 0x0000000100000000, 0x0000000100000000)
  eden space 348160K, 90% used [0x00000000eab00000,0x00000000fde2f400,0x00000000fff00000)
  from space 512K, 0% used [0x00000000fff80000,0x00000000fff80000,0x0000000100000000)
  to   space 512K, 0% used [0x00000000fff00000,0x00000000fff00000,0x00000000fff80000)
 ParOldGen       total 699392K, used 653120K [0x00000000c0000000, 0x00000000eab00000, 0x00000000eab00000)
  object space 699392K, 93% used [0x00000000c0000000,0x00000000e7dd00c8,0x00000000eab00000)
 Metaspace       used 14329K, capacity 14652K, committed 15104K, reserved 1062912K
  class space    used 1883K, capacity 1968K, committed 2048K, reserved 1048576K
Event: 116.751 GC heap after
Heap after GC invocations=124 (full 70):
 PSYoungGen      total 348672K, used 279130K [0x00000000eab00000, 0x0000000100000000, 0x0000000100000000)
  eden space 348160K, 80% used [0x00000000eab00000,0x00000000fbb96950,0x00000000fff00000)
  from space 512K, 0% used [0x00000000fff80000,0x00000000fff80000,0x0000000100000000)
  to   space 512K, 0% used [0x00000000fff00000,0x00000000fff00000,0x00000000fff80000)
 ParOldGen       total 699392K, used 653120K [0x00000000c0000000, 0x00000000eab00000, 0x00000000eab00000)
  object space 699392K, 93% used [0x00000000c0000000,0x00000000e7dd0068,0x00000000eab00000)
 Metaspace       used 14329K, capacity 14652K, committed 15104K, reserved 1062912K
  class space    used 1883K, capacity 1968K, committed 2048K, reserved 1048576K
}
Event: 116.966 GC heap before
{Heap before GC invocations=125 (full 71):
 PSYoungGen      total 348672K, used 348160K [0x00000000eab00000, 0x0000000100000000, 0x0000000100000000)
  eden space 348160K, 100% used [0x00000000eab00000,0x00000000fff00000,0x00000000fff00000)
  from space 512K, 0% used [0x00000000fff80000,0x00000000fff80000,0x0000000100000000)
  to   space 512K, 0% used [0x00000000fff00000,0x00000000fff00000,0x00000000fff80000)
 ParOldGen       total 699392K, used 653120K [0x00000000c0000000, 0x00000000eab00000, 0x00000000eab00000)
  object space 699392K, 93% used [0x00000000c0000000,0x00000000e7dd0068,0x00000000eab00000)
 Metaspace       used 14329K, capacity 14652K, committed 15104K, reserved 1062912K
  class space    used 1883K, capacity 1968K, committed 2048K, reserved 1048576K
Event: 117.087 GC heap after
Heap after GC invocations=125 (full 71):
 PSYoungGen      total 348672K, used 325640K [0x00000000eab00000, 0x0000000100000000, 0x0000000100000000)
  eden space 348160K, 93% used [0x00000000eab00000,0x00000000fe902090,0x00000000fff00000)
  from space 512K, 0% used [0x00000000fff80000,0x00000000fff80000,0x0000000100000000)
  to   space 512K, 0% used [0x00000000fff00000,0x00000000fff00000,0x00000000fff80000)
 ParOldGen       total 699392K, used 653120K [0x00000000c0000000, 0x00000000eab00000, 0x00000000eab00000)
  object space 699392K, 93% used [0x00000000c0000000,0x00000000e7dd0068,0x00000000eab00000)
 Metaspace       used 14329K, capacity 14652K, committed 15104K, reserved 1062912K
  class space    used 1883K, capacity 1968K, committed 2048K, reserved 1048576K
}
Event: 117.288 GC heap before
{Heap before GC invocations=126 (full 72):
 PSYoungGen      total 348672K, used 348160K [0x00000000eab00000, 0x0000000100000000, 0x0000000100000000)
  eden space 348160K, 100% used [0x00000000eab00000,0x00000000fff00000,0x00000000fff00000)
  from space 512K, 0% used [0x00000000fff80000,0x00000000fff80000,0x0000000100000000)
  to   space 512K, 0% used [0x00000000fff00000,0x00000000fff00000,0x00000000fff80000)
 ParOldGen       total 699392K, used 653120K [0x00000000c0000000, 0x00000000eab00000, 0x00000000eab00000)
  object space 699392K, 93% used [0x00000000c0000000,0x00000000e7dd0068,0x00000000eab00000)
 Metaspace       used 14329K, capacity 14652K, committed 15104K, reserved 1062912K
  class space    used 1883K, capacity 1968K, committed 2048K, reserved 1048576K
Event: 117.739 GC heap after
Heap after GC invocations=126 (full 72):
 PSYoungGen      total 348672K, used 325640K [0x00000000eab00000, 0x0000000100000000, 0x0000000100000000)
  eden space 348160K, 93% used [0x00000000eab00000,0x00000000fe902090,0x00000000fff00000)
  from space 512K, 0% used [0x00000000fff80000,0x00000000fff80000,0x0000000100000000)
  to   space 512K, 0% used [0x00000000fff00000,0x00000000fff00000,0x00000000fff80000)
 ParOldGen       total 699392K, used 653093K [0x00000000c0000000, 0x00000000eab00000, 0x00000000eab00000)
  object space 699392K, 93% used [0x00000000c0000000,0x00000000e7dc95f8,0x00000000eab00000)
 Metaspace       used 14329K, capacity 14652K, committed 15104K, reserved 1062912K
  class space    used 1883K, capacity 1968K, committed 2048K, reserved 1048576K
}
Event: 117.759 GC heap before
{Heap before GC invocations=127 (full 73):
 PSYoungGen      total 348672K, used 327615K [0x00000000eab00000, 0x0000000100000000, 0x0000000100000000)
  eden space 348160K, 94% used [0x00000000eab00000,0x00000000feaefe48,0x00000000fff00000)
  from space 512K, 0% used [0x00000000fff80000,0x00000000fff80000,0x0000000100000000)
  to   space 512K, 0% used [0x00000000fff00000,0x00000000fff00000,0x00000000fff80000)
 ParOldGen       total 699392K, used 653093K [0x00000000c0000000, 0x00000000eab00000, 0x00000000eab00000)
  object space 699392K, 93% used [0x00000000c0000000,0x00000000e7dc95f8,0x00000000eab00000)
 Metaspace       used 14329K, capacity 14652K, committed 15104K, reserved 1062912K
  class space    used 1883K, capacity 1968K, committed 2048K, reserved 1048576K
Event: 117.816 GC heap after
Heap after GC invocations=127 (full 73):
 PSYoungGen      total 348672K, used 325618K [0x00000000eab00000, 0x0000000100000000, 0x0000000100000000)
  eden space 348160K, 93% used [0x00000000eab00000,0x00000000fe8fc8a0,0x00000000fff00000)
  from space 512K, 0% used [0x00000000fff80000,0x00000000fff80000,0x0000000100000000)
  to   space 512K, 0% used [0x00000000fff00000,0x00000000fff00000,0x00000000fff80000)
 ParOldGen       total 699392K, used 653093K [0x00000000c0000000, 0x00000000eab00000, 0x00000000eab00000)
  object space 699392K, 93% used [0x00000000c0000000,0x00000000e7dc95f8,0x00000000eab00000)
 Metaspace       used 14329K, capacity 14652K, committed 15104K, reserved 1062912K
  class space    used 1883K, capacity 1968K, committed 2048K, reserved 1048576K
}
Event: 117.816 GC heap before
{Heap before GC invocations=128 (full 74):
 PSYoungGen      total 348672K, used 325618K [0x00000000eab00000, 0x0000000100000000, 0x0000000100000000)
  eden space 348160K, 93% used [0x00000000eab00000,0x00000000fe8fc8a0,0x00000000fff00000)
  from space 512K, 0% used [0x00000000fff80000,0x00000000fff80000,0x0000000100000000)
  to   space 512K, 0% used [0x00000000fff00000,0x00000000fff00000,0x00000000fff80000)
 ParOldGen       total 699392K, used 653093K [0x00000000c0000000, 0x00000000eab00000, 0x00000000eab00000)
  object space 699392K, 93% used [0x00000000c0000000,0x00000000e7dc95f8,0x00000000eab00000)
 Metaspace       used 14329K, capacity 14652K, committed 15104K, reserved 1062912K
  class space    used 1883K, capacity 1968K, committed 2048K, reserved 1048576K
Event: 118.259 GC heap after
Heap after GC invocations=128 (full 74):
 PSYoungGen      total 348672K, used 325618K [0x00000000eab00000, 0x0000000100000000, 0x0000000100000000)
  eden space 348160K, 93% used [0x00000000eab00000,0x00000000fe8fc8a0,0x00000000fff00000)
  from space 512K, 0% used [0x00000000fff80000,0x00000000fff80000,0x0000000100000000)
  to   space 512K, 0% used [0x00000000fff00000,0x00000000fff00000,0x00000000fff80000)
 ParOldGen       total 699392K, used 653078K [0x00000000c0000000, 0x00000000eab00000, 0x00000000eab00000)
  object space 699392K, 93% used [0x00000000c0000000,0x00000000e7dc5950,0x00000000eab00000)
 Metaspace       used 14329K, capacity 14652K, committed 15104K, reserved 1062912K
  class space    used 1883K, capacity 1968K, committed 2048K, reserved 1048576K
}

Deoptimization events (10 events):
Event: 12.960 Thread 0x0000000057620800 Uncommon trap: reason=unstable_if action=reinterpret pc=0x0000000002c32a9c method=br.edu.ifsp.IniciacaoCientifica.ImageFrame.calcThresholdNiblackTechnique(Lbr/edu/ifsp/IniciacaoCientifica/GImage;IIIID)D @ 107
Event: 13.844 Thread 0x0000000057620800 Uncommon trap: reason=unstable_if action=reinterpret pc=0x0000000002c3c850 method=br.edu.ifsp.IniciacaoCientifica.ImageFrame.calcThresholdNiblackTechnique(Lbr/edu/ifsp/IniciacaoCientifica/GImage;IIIID)D @ 181
Event: 14.216 Thread 0x0000000057620800 Uncommon trap: reason=unstable_if action=reinterpret pc=0x0000000002c44acc method=br.edu.ifsp.IniciacaoCientifica.ImageFrame.calcThresholdNiblackTechnique(Lbr/edu/ifsp/IniciacaoCientifica/GImage;IIIID)D @ 181
Event: 19.077 Thread 0x0000000057620800 Uncommon trap: reason=unstable_if action=reinterpret pc=0x0000000002bc7130 method=java.awt.image.ComponentColorModel.getRGB(Ljava/lang/Object;)I @ 4
Event: 39.010 Thread 0x0000000057620800 Uncommon trap: reason=unstable_if action=reinterpret pc=0x0000000002cb0038 method=br.edu.ifsp.IniciacaoCientifica.ImageFrame.aplicaThresholdPlano(Lbr/edu/ifsp/IniciacaoCientifica/GImage;[[I[D)V @ 141
Event: 118.277 Thread 0x0000000057620800 Uncommon trap: reason=null_check action=make_not_entrant pc=0x0000000002c7b660 method=java.lang.Class.reflectionData()Ljava/lang/Class$ReflectionData; @ 24
Event: 214.644 Thread 0x0000000057620800 Uncommon trap: reason=class_check action=maybe_recompile pc=0x0000000002e0db34 method=java.awt.EventQueue.coalesceEvent(Ljava/awt/AWTEvent;I)Z @ 77
Event: 214.644 Thread 0x0000000057620800 Uncommon trap: reason=unstable_if action=reinterpret pc=0x0000000002eab3d4 method=java.awt.Toolkit$SelectiveAWTEventListener.eventDispatched(Ljava/awt/AWTEvent;)V @ 240
Event: 214.645 Thread 0x0000000057620800 Uncommon trap: reason=class_check action=maybe_recompile pc=0x0000000002e0db34 method=java.awt.EventQueue.coalesceEvent(Ljava/awt/AWTEvent;I)Z @ 77
Event: 214.700 Thread 0x0000000057620800 Uncommon trap: reason=class_check action=maybe_recompile pc=0x0000000002e0db34 method=java.awt.EventQueue.coalesceEvent(Ljava/awt/AWTEvent;I)Z @ 77

Internal exceptions (10 events):
Event: 99.414 Thread 0x0000000057620800 Exception <a 'java/lang/ClassCastException': org.apache.commons.math3.linear.Array2DRowRealMatrix cannot be cast to org.apache.commons.math3.linear.BlockRealMatrix> (0x00000000f90d1c30) thrown at [C:\re\workspace\8-2-build-windows-amd64-cygwin\jdk8u101\726Ø–·˙)‹X@
Event: 99.440 Thread 0x0000000057620800 Exception <a 'java/lang/ClassCastException': org.apache.commons.math3.linear.Array2DRowRealMatrix cannot be cast to org.apache.commons.math3.linear.BlockRealMatrix> (0x00000000f937b870) thrown at [C:\re\workspace\8-2-build-windows-amd64-cygwin\jdk8u101\726Ñ∆	S0EZ@
Event: 105.081 Thread 0x0000000057620800 Exception <a 'java/lang/ClassCastException': org.apache.commons.math3.linear.Array2DRowRealMatrix cannot be cast to org.apache.commons.math3.linear.BlockRealMatrix> (0x00000000f60efe40) thrown at [C:\re\workspace\8-2-build-windows-amd64-cygwin\jdk8u101\726™˚ÂÍØ˘Z@
Event: 107.901 Thread 0x0000000057620800 Exception <a 'java/lang/ClassCastException': org.apache.commons.math3.linear.Array2DRowRealMatrix cannot be cast to org.apache.commons.math3.linear.BlockRealMatrix> (0x00000000febac950) thrown at [C:\re\workspace\8-2-build-windows-amd64-cygwin\jdk8u101\726˝ÕÖÓ`˚Z@
Event: 107.928 Thread 0x0000000057620800 Exception <a 'java/lang/ClassCastException': org.apache.commons.math3.linear.Array2DRowRealMatrix cannot be cast to org.apache.commons.math3.linear.BlockRealMatrix> (0x00000000fee4f480) thrown at [C:\re\workspace\8-2-build-windows-amd64-cygwin\jdk8u101\726
Event: 114.395 Thread 0x0000000057620800 Exception <a 'java/lang/ClassCastException': org.apache.commons.math3.linear.Array2DRowRealMatrix cannot be cast to org.apache.commons.math3.linear.BlockRealMatrix> (0x00000000fe9346f0) thrown at [C:\re\workspace\8-2-build-windows-amd64-cygwin\jdk8u101\726?ò≤ ìê]@
Event: 118.259 Thread 0x0000000057620800 Exception <a 'java/lang/OutOfMemoryError'> (0x00000000c2e0a5a0) thrown at [C:\re\workspace\8-2-build-windows-amd64-cygwin\jdk8u101\7261\hotspot\src\share\vm\gc_interface/collectedHeap.inline.hpp, line 159]
Event: 118.259 Thread 0x0000000057620800 Exception <a 'java/lang/OutOfMemoryError'> (0x00000000c2e0a5a0) thrown at [C:\re\workspace\8-2-build-windows-amd64-cygwin\jdk8u101\7261\hotspot\src\share\vm\prims\jvm.cpp, line 1390]
Event: 118.259 Thread 0x0000000057620800 Exception <a 'java/lang/OutOfMemoryError'> (0x00000000c2e0a5a0) thrown at [C:\re\workspace\8-2-build-windows-amd64-cygwin\jdk8u101\7261\hotspot\src\share\vm\prims\jvm.cpp, line 1390]
Event: 118.277 Thread 0x0000000057620800 Implicit null exception at 0x0000000002c7abe2 to 0x0000000002c7b641

Events (10 events):
Event: 214.644 Thread 0x0000000057620800 DEOPT UNPACKING pc=0x000000000284556a sp=0x000000005a15f088 mode 2
Event: 214.644 Thread 0x0000000057620800 Uncommon trap: trap_request=0xffffff65 fr.pc=0x0000000002eab3d4
Event: 214.644 Thread 0x0000000057620800 DEOPT PACKING pc=0x0000000002eab3d4 sp=0x000000005a15d350
Event: 214.644 Thread 0x0000000057620800 DEOPT UNPACKING pc=0x000000000284556a sp=0x000000005a15d2c8 mode 2
Event: 214.645 Thread 0x0000000057620800 Uncommon trap: trap_request=0xffffffde fr.pc=0x0000000002e0db34
Event: 214.645 Thread 0x0000000057620800 DEOPT PACKING pc=0x0000000002e0db34 sp=0x000000005a15c9d0
Event: 214.645 Thread 0x0000000057620800 DEOPT UNPACKING pc=0x000000000284556a sp=0x000000005a15c828 mode 2
Event: 214.700 Thread 0x0000000057620800 Uncommon trap: trap_request=0xffffffde fr.pc=0x0000000002e0db34
Event: 214.700 Thread 0x0000000057620800 DEOPT PACKING pc=0x0000000002e0db34 sp=0x000000005a15f230
Event: 214.700 Thread 0x0000000057620800 DEOPT UNPACKING pc=0x000000000284556a sp=0x000000005a15f088 mode 2


Dynamic libraries:
0x000000013f4c0000 - 0x000000013f4f7000 	C:\Program Files\Java\jre1.8.0_101\bin\javaw.exe
0x0000000077790000 - 0x0000000077938000 	C:\Windows\SYSTEM32\ntdll.dll
0x0000000077670000 - 0x000000007778f000 	C:\Windows\system32\kernel32.dll
0x000007fefd590000 - 0x000007fefd5fc000 	C:\Windows\system32\KERNELBASE.dll
0x000007fefe8e0000 - 0x000007fefe9bb000 	C:\Windows\system32\ADVAPI32.dll
0x000007fefe650000 - 0x000007fefe6ef000 	C:\Windows\system32\msvcrt.dll
0x000007fefe040000 - 0x000007fefe05f000 	C:\Windows\SYSTEM32\sechost.dll
0x000007fefe230000 - 0x000007fefe35d000 	C:\Windows\system32\RPCRT4.dll
0x0000000077570000 - 0x000000007766a000 	C:\Windows\system32\USER32.dll
0x000007fefdee0000 - 0x000007fefdf47000 	C:\Windows\system32\GDI32.dll
0x000007feffa90000 - 0x000007feffa9e000 	C:\Windows\system32\LPK.dll
0x000007fefdf50000 - 0x000007fefe019000 	C:\Windows\system32\USP10.dll
0x000007fefbb90000 - 0x000007fefbd84000 	C:\Windows\WinSxS\amd64_microsoft.windows.common-controls_6595b64144ccf1df_6.0.7601.18837_none_fa3b1e3d17594757\COMCTL32.dll
0x000007fefe060000 - 0x000007fefe0d1000 	C:\Windows\system32\SHLWAPI.dll
0x000007fefe200000 - 0x000007fefe22e000 	C:\Windows\system32\IMM32.DLL
0x000007feff930000 - 0x000007feffa39000 	C:\Windows\system32\MSCTF.dll
0x00000000706a0000 - 0x0000000070772000 	C:\Program Files\Java\jre1.8.0_101\bin\msvcr100.dll
0x000000006a470000 - 0x000000006ad0a000 	C:\Program Files\Java\jre1.8.0_101\bin\server\jvm.dll
0x000007fefa2a0000 - 0x000007fefa2a9000 	C:\Windows\system32\WSOCK32.dll
0x000007feffa40000 - 0x000007feffa8d000 	C:\Windows\system32\WS2_32.dll
0x000007fefded0000 - 0x000007fefded8000 	C:\Windows\system32\NSI.dll
0x000007fefa450000 - 0x000007fefa48b000 	C:\Windows\system32\WINMM.dll
0x000007fefc630000 - 0x000007fefc63c000 	C:\Windows\system32\VERSION.dll
0x0000000077960000 - 0x0000000077967000 	C:\Windows\system32\PSAPI.DLL
0x0000000074440000 - 0x000000007444f000 	C:\Program Files\Java\jre1.8.0_101\bin\verify.dll
0x0000000073260000 - 0x0000000073289000 	C:\Program Files\Java\jre1.8.0_101\bin\java.dll
0x00000000731d0000 - 0x00000000731e6000 	C:\Program Files\Java\jre1.8.0_101\bin\zip.dll
0x000007fefeba0000 - 0x000007feff929000 	C:\Windows\system32\SHELL32.dll
0x000007fefe440000 - 0x000007fefe643000 	C:\Windows\system32\ole32.dll
0x000007fefd550000 - 0x000007fefd55f000 	C:\Windows\system32\profapi.dll
0x0000000064ce0000 - 0x0000000064e78000 	C:\Program Files\Java\jre1.8.0_101\bin\awt.dll
0x000007fefe360000 - 0x000007fefe437000 	C:\Windows\system32\OLEAUT32.dll
0x000007fefb710000 - 0x000007fefb728000 	C:\Windows\system32\DWMAPI.DLL
0x000007fefd3e0000 - 0x000007fefd3ef000 	C:\Windows\system32\CRYPTBASE.dll
0x000007fee86b0000 - 0x000007fee88af000 	C:\Windows\system32\d3d9.dll
0x000007fefbb00000 - 0x000007fefbb07000 	C:\Windows\system32\d3d8thk.dll
0x000007fed7e90000 - 0x000007fed8ef9000 	C:\Windows\system32\nvd3dumx.dll
0x000007fefc3b0000 - 0x000007fefc3dc000 	C:\Windows\system32\powrprof.dll
0x000007fefe9c0000 - 0x000007fefeb97000 	C:\Windows\system32\SETUPAPI.dll
0x000007fefd630000 - 0x000007fefd666000 	C:\Windows\system32\CFGMGR32.dll
0x000007fefd570000 - 0x000007fefd58a000 	C:\Windows\system32\DEVOBJ.dll
0x000007fee92f0000 - 0x000007fee93d2000 	C:\Program Files (x86)\NVIDIA Corporation\3D Vision\nvSCPAPI64.dll
0x000007feeb800000 - 0x000007feeb9b7000 	C:\Windows\system32\nvspcap64.dll
0x000007fef9c00000 - 0x000007fef9c71000 	C:\Windows\system32\WINHTTP.dll
0x000007fef9b90000 - 0x000007fef9bf4000 	C:\Windows\system32\webio.dll
0x000007feea3c0000 - 0x000007feea790000 	C:\Windows\system32\nvapi64.dll
0x000007fefd350000 - 0x000007fefd375000 	C:\Windows\system32\SspiCli.dll
0x000007feec6b0000 - 0x000007feec750000 	C:\Windows\WinSxS\amd64_microsoft.windows.common-controls_6595b64144ccf1df_5.82.7601.18837_none_a4d981ff711297b6\comctl32.dll
0x0000000070b40000 - 0x0000000070b87000 	C:\Program Files\Java\jre1.8.0_101\bin\fontmanager.dll
0x00000000731b0000 - 0x00000000731ca000 	C:\Program Files\Java\jre1.8.0_101\bin\net.dll
0x000007fefcd20000 - 0x000007fefcd75000 	C:\Windows\system32\mswsock.dll
0x000007fefcd10000 - 0x000007fefcd17000 	C:\Windows\System32\wship6.dll
0x0000000073190000 - 0x00000000731a1000 	C:\Program Files\Java\jre1.8.0_101\bin\nio.dll
0x0000000070af0000 - 0x0000000070b32000 	C:\Program Files\Java\jre1.8.0_101\bin\t2k.dll
0x000007fefd380000 - 0x000007fefd3d7000 	C:\Windows\system32\apphelp.dll
0x000007fefe160000 - 0x000007fefe1f9000 	C:\Windows\system32\CLBCatQ.DLL
0x000007fef6130000 - 0x000007fef62cc000 	C:\Windows\system32\NetworkExplorer.dll
0x000007fefc020000 - 0x000007fefc14c000 	C:\Windows\system32\PROPSYS.dll
0x000007fefc150000 - 0x000007fefc17d000 	C:\Windows\system32\ntmarta.dll
0x000007fefe6f0000 - 0x000007fefe742000 	C:\Windows\system32\WLDAP32.dll
0x000007fef81a0000 - 0x000007fef81d4000 	C:\Windows\System32\shdocvw.dll
0x000007fefb170000 - 0x000007fefb17b000 	C:\Windows\system32\slc.dll
0x000007fefa430000 - 0x000007fefa448000 	C:\Windows\system32\MPR.dll
0x000007fef7240000 - 0x000007fef724a000 	C:\Windows\System32\drprov.dll
0x000007fefca90000 - 0x000007fefcacd000 	C:\Windows\System32\WINSTA.dll
0x000007fef1e20000 - 0x000007fef1e42000 	C:\Windows\System32\ntlanman.dll
0x000007fef1e00000 - 0x000007fef1e1d000 	C:\Windows\System32\davclnt.dll
0x000007fef60e0000 - 0x000007fef60ea000 	C:\Windows\System32\DAVHLPR.dll
0x000007fefab90000 - 0x000007fefaba5000 	C:\Windows\system32\wkscli.dll
0x000007fef71e0000 - 0x000007fef71ef000 	C:\Windows\system32\cscapi.dll
0x000007fefabb0000 - 0x000007fefabbc000 	C:\Windows\system32\netutils.dll
0x000007fede1a0000 - 0x000007fede411000 	C:\Windows\system32\wpdshext.dll
0x000007fefb8c0000 - 0x000007fefbad6000 	C:\Windows\WinSxS\amd64_microsoft.windows.gdiplus_6595b64144ccf1df_1.1.7601.18852_none_2b28839e71e973ae\gdiplus.dll
0x000007fef19d0000 - 0x000007fef1a8d000 	C:\Windows\system32\PortableDeviceApi.dll
0x000007fefd730000 - 0x000007fefd76b000 	C:\Windows\system32\WINTRUST.dll
0x000007fefd790000 - 0x000007fefd8fd000 	C:\Windows\system32\CRYPT32.dll
0x000007fefd540000 - 0x000007fefd54f000 	C:\Windows\system32\MSASN1.dll
0x000007fef15a0000 - 0x000007fef15d9000 	C:\Windows\system32\PortableDeviceTypes.dll
0x000007fef54a0000 - 0x000007fef54d5000 	C:\Windows\system32\EhStorShell.dll
0x000007fef1d60000 - 0x000007fef1d87000 	C:\Windows\system32\EhStorAPI.dll
0x000007fef80e0000 - 0x000007fef80ec000 	C:\Windows\system32\LINKINFO.dll
0x000007fefb560000 - 0x000007fefb6c1000 	C:\Windows\system32\WindowsCodecs.dll
0x000007fef6f10000 - 0x000007fef714d000 	C:\PROGRA~1\MICROS~2\Office15\GROOVEEX.DLL
0x0000000073440000 - 0x00000000734d8000 	C:\Windows\system32\MSVCP100.dll
0x0000000073410000 - 0x000000007343b000 	C:\Windows\system32\ATL100.DLL
0x000007fef64f0000 - 0x000007fef680e000 	C:\Windows\system32\msi.dll
0x000007fef5560000 - 0x000007fef5ba1000 	C:\PROGRA~1\MICROS~2\Office15\1046\GrooveIntlResource.dll
0x000007fef6e90000 - 0x000007fef6f0e000 	C:\Windows\System32\cscui.dll
0x000007fef6e80000 - 0x000007fef6e8c000 	C:\Windows\System32\CSCDLL.dll
0x000007fef6dd0000 - 0x000007fef6e50000 	C:\Windows\system32\ntshrui.dll
0x000007fefd000000 - 0x000007fefd023000 	C:\Windows\system32\srvcli.dll
0x0000000070ab0000 - 0x0000000070ae1000 	C:\Program Files\Java\jre1.8.0_101\bin\jpeg.dll
0x0000000064c30000 - 0x0000000064cd2000 	C:\Program Files\Java\jre1.8.0_101\bin\mlib_image.dll

VM Arguments:
jvm_args: -Dfile.encoding=Cp1252 
java_command: br.edu.ifsp.IniciacaoCientifica.TestaProjeto
java_class_path (initial): R:\Eclipse Workspace\ProjetoIniciacaoCientifica\bin;R:\Eclipse Workspace\ProjetoIniciacaoCientifica\commons-math3-3.6.1.jar
Launcher Type: SUN_STANDARD

Environment Variables:
PATH=C:/Program Files/Java/jre1.8.0_101/bin/server;C:/Program Files/Java/jre1.8.0_101/bin;C:/Program Files/Java/jre1.8.0_101/lib/amd64;C:\ProgramData\Oracle\Java\javapath;C:\Windows\system32;C:\Windows;C:\Windows\System32\Wbem;C:\Windows\System32\WindowsPowerShell\v1.0\;C:\TDM-GCC-64\bin;C:\Program Files (x86)\Skype\Phone\;C:\Program Files (x86)\NVIDIA Corporation\PhysX\Common;C:\Program Files\eclipseJava;
USERNAME=r0xxFFFF
OS=Windows_NT
PROCESSOR_IDENTIFIER=Intel64 Family 6 Model 15 Stepping 11, GenuineIntel



---------------  S Y S T E M  ---------------

OS: Windows 7 , 64 bit Build 7601 (6.1.7601.18847)

CPU:total 4 (4 cores per cpu, 1 threads per core) family 6 model 15 stepping 11, cmov, cx8, fxsr, mmx, sse, sse2, sse3, ssse3, tsc

Memory: 4k page, physical 4193392k(637436k free), swap 6288692k(6956k free)

vm_info: Java HotSpot(TM) 64-Bit Server VM (25.101-b13) for windows-amd64 JRE (1.8.0_101-b13), built on Jun 22 2016 01:21:29 by "java_re" with MS VC++ 10.0 (VS2010)

time: Sun Oct 02 20:56:26 2016
elapsed time: 216 seconds (0d 0h 3m 36s)

