#
# There is insufficient memory for the Java Runtime Environment to continue.
# Native memory allocation (malloc) failed to allocate 32784 bytes for Chunk::new
# Possible reasons:
#   The system is out of physical RAM or swap space
#   In 32 bit mode, the process size limit was hit
# Possible solutions:
#   Reduce memory load on the system
#   Increase physical memory or swap space
#   Check if swap backing store is full
#   Use 64 bit Java on a 64 bit OS
#   Decrease Java heap size (-Xmx/-Xms)
#   Decrease number of Java threads
#   Decrease Java thread stack sizes (-Xss)
#   Set larger code cache with -XX:ReservedCodeCacheSize=
# This output file may be truncated or incomplete.
#
#  Out of Memory Error (allocation.cpp:390), pid=1748, tid=0x0000000000000dd8
#
# JRE version: Java(TM) SE Runtime Environment (8.0_101-b13) (build 1.8.0_101-b13)
# Java VM: Java HotSpot(TM) 64-Bit Server VM (25.101-b13 mixed mode windows-amd64 compressed oops)
# Failed to write core dump. Minidumps are not enabled by default on client versions of Windows
#

---------------  T H R E A D  ---------------

Current thread (0x0000000054fe5000):  JavaThread "C2 CompilerThread0" daemon [_thread_in_native, id=3544, stack(0x0000000056700000,0x0000000056800000)]

Stack: [0x0000000056700000,0x0000000056800000]
[error occurred during error reporting (printing stack bounds), id 0xc0000005]

Native frames: (J=compiled Java code, j=interpreted, Vv=VM code, C=native code)


Current CompileTask:
C2: 338221 1914   !   4       sun.awt.PostEventQueue::flush (168 bytes)


---------------  P R O C E S S  ---------------

Java Threads: ( => current thread )
  0x0000000057a47000 JavaThread "TimerQueue" daemon [_thread_blocked, id=1196, stack(0x000000005bba0000,0x000000005bca0000)]
  0x0000000057a3e000 JavaThread "D3D Screen Updater" daemon [_thread_blocked, id=2460, stack(0x000000005b690000,0x000000005b790000)]
  0x000000000225d800 JavaThread "DestroyJavaVM" [_thread_blocked, id=4080, stack(0x0000000002370000,0x0000000002470000)]
  0x00000000579ac800 JavaThread "Swing-Shell" daemon [_thread_blocked, id=1684, stack(0x000000005a780000,0x000000005a880000)]
  0x000000005794e000 JavaThread "AWT-EventQueue-0" [_thread_blocked, id=4508, stack(0x000000005a060000,0x000000005a160000)]
  0x0000000056bfb000 JavaThread "AWT-Windows" daemon [_thread_in_native, id=2780, stack(0x0000000057620000,0x0000000057720000)]
  0x0000000056be5000 JavaThread "AWT-Shutdown" [_thread_blocked, id=4844, stack(0x00000000572b0000,0x00000000573b0000)]
  0x0000000056be2800 JavaThread "Java2D Disposer" daemon [_thread_blocked, id=1696, stack(0x0000000057400000,0x0000000057500000)]
  0x0000000054fef000 JavaThread "Service Thread" daemon [_thread_blocked, id=4112, stack(0x0000000056d40000,0x0000000056e40000)]
  0x0000000056809000 JavaThread "C1 CompilerThread2" daemon [_thread_blocked, id=1352, stack(0x0000000056eb0000,0x0000000056fb0000)]
  0x0000000056804800 JavaThread "C2 CompilerThread1" daemon [_thread_in_vm, id=3656, stack(0x0000000056c20000,0x0000000056d20000)]
=>0x0000000054fe5000 JavaThread "C2 CompilerThread0" daemon [_thread_in_native, id=3544, stack(0x0000000056700000,0x0000000056800000)]
  0x0000000054fe3800 JavaThread "Attach Listener" daemon [_thread_blocked, id=1396, stack(0x0000000056420000,0x0000000056520000)]
  0x0000000054fe0000 JavaThread "Signal Dispatcher" daemon [_thread_blocked, id=4248, stack(0x0000000056560000,0x0000000056660000)]
  0x0000000054fc8800 JavaThread "Finalizer" daemon [_thread_blocked, id=4520, stack(0x00000000562a0000,0x00000000563a0000)]
  0x0000000054f81800 JavaThread "Reference Handler" daemon [_thread_blocked, id=4872, stack(0x0000000056120000,0x0000000056220000)]

Other Threads:
  0x0000000054f7a000 VMThread [stack: 0x0000000055ff0000,0x00000000560f0000] [id=632]
  0x0000000056895000 WatcherThread [stack: 0x0000000057160000,0x0000000057260000] [id=4324]

VM state:not at safepoint (normal execution)

VM Mutex/Monitor currently owned by a thread: None

Heap:
 PSYoungGen      total 348672K, used 331148K [0x00000000eab00000, 0x0000000100000000, 0x0000000100000000)
  eden space 348160K, 95% used [0x00000000eab00000,0x00000000fee63250,0x00000000fff00000)
  from space 512K, 0% used [0x00000000fff00000,0x00000000fff00000,0x00000000fff80000)
  to   space 512K, 0% used [0x00000000fff80000,0x00000000fff80000,0x0000000100000000)
 ParOldGen       total 699392K, used 653086K [0x00000000c0000000, 0x00000000eab00000, 0x00000000eab00000)
  object space 699392K, 93% used [0x00000000c0000000,0x00000000e7dc7aa0,0x00000000eab00000)
 Metaspace       used 14511K, capacity 14786K, committed 15104K, reserved 1062912K
  class space    used 1885K, capacity 1969K, committed 2048K, reserved 1048576K

Card table byte_map: [0x0000000011b00000,0x0000000011d10000] byte_map_base: 0x0000000011500000

Marking Bits: (ParMarkBitMap*) 0x000000006909a6d0
 Begin Bits: [0x00000000123f0000, 0x00000000133f0000)
 End Bits:   [0x00000000133f0000, 0x00000000143f0000)

Polling page: 0x0000000000130000

CodeCache: size=245760Kb used=5772Kb max_used=5798Kb free=239987Kb
 bounds [0x0000000002740000, 0x0000000002d00000, 0x0000000011740000]
 total_blobs=2258 nmethods=1729 adapters=442
 compilation: enabled

Compilation events (10 events):
Event: 334.657 Thread 0x0000000056809000 nmethod 1909 0x0000000002b0a490 code [0x0000000002b0a680, 0x0000000002b0b3a8]
Event: 336.344 Thread 0x0000000056804800 1910       4       javax.swing.JComponent::getHeight (5 bytes)
Event: 336.345 Thread 0x0000000056809000 1911       1       javax.swing.JScrollPane::getViewportBorder (5 bytes)
Event: 336.345 Thread 0x0000000056809000 nmethod 1911 0x0000000002865bd0 code [0x0000000002865d20, 0x0000000002865e30]
Event: 336.345 Thread 0x0000000056804800 nmethod 1910 0x0000000002bacbd0 code [0x0000000002bacd00, 0x0000000002bacd58]
Event: 336.462 Thread 0x0000000056809000 1912       3       javax.swing.JViewport::getViewPosition (44 bytes)
Event: 336.463 Thread 0x0000000056809000 nmethod 1912 0x0000000002b09310 code [0x0000000002b09500, 0x0000000002b09f98]
Event: 336.464 Thread 0x0000000056809000 1913       3       java.util.IdentityHashMap::clear (39 bytes)
Event: 336.464 Thread 0x0000000056809000 nmethod 1913 0x0000000002ced610 code [0x0000000002ced780, 0x0000000002cedad0]
Event: 338.048 Thread 0x0000000054fe5000 1914   !   4       sun.awt.PostEventQueue::flush (168 bytes)

GC Heap History (10 events):
Event: 297.563 GC heap before
{Heap before GC invocations=179 (full 126):
 PSYoungGen      total 348672K, used 348160K [0x00000000eab00000, 0x0000000100000000, 0x0000000100000000)
  eden space 348160K, 100% used [0x00000000eab00000,0x00000000fff00000,0x00000000fff00000)
  from space 512K, 0% used [0x00000000fff00000,0x00000000fff00000,0x00000000fff80000)
  to   space 512K, 0% used [0x00000000fff80000,0x00000000fff80000,0x0000000100000000)
 ParOldGen       total 699392K, used 653101K [0x00000000c0000000, 0x00000000eab00000, 0x00000000eab00000)
  object space 699392K, 93% used [0x00000000c0000000,0x00000000e7dcb748,0x00000000eab00000)
 Metaspace       used 14346K, capacity 14652K, committed 15104K, reserved 1062912K
  class space    used 1882K, capacity 1968K, committed 2048K, reserved 1048576K
Event: 297.650 GC heap after
Heap after GC invocations=179 (full 126):
 PSYoungGen      total 348672K, used 294762K [0x00000000eab00000, 0x0000000100000000, 0x0000000100000000)
  eden space 348160K, 84% used [0x00000000eab00000,0x00000000fcada810,0x00000000fff00000)
  from space 512K, 0% used [0x00000000fff00000,0x00000000fff00000,0x00000000fff80000)
  to   space 512K, 0% used [0x00000000fff80000,0x00000000fff80000,0x0000000100000000)
 ParOldGen       total 699392K, used 653101K [0x00000000c0000000, 0x00000000eab00000, 0x00000000eab00000)
  object space 699392K, 93% used [0x00000000c0000000,0x00000000e7dcb748,0x00000000eab00000)
 Metaspace       used 14346K, capacity 14652K, committed 15104K, reserved 1062912K
  class space    used 1882K, capacity 1968K, committed 2048K, reserved 1048576K
}
Event: 297.796 GC heap before
{Heap before GC invocations=180 (full 127):
 PSYoungGen      total 348672K, used 329423K [0x00000000eab00000, 0x0000000100000000, 0x0000000100000000)
  eden space 348160K, 94% used [0x00000000eab00000,0x00000000fecb3c68,0x00000000fff00000)
  from space 512K, 0% used [0x00000000fff00000,0x00000000fff00000,0x00000000fff80000)
  to   space 512K, 0% used [0x00000000fff80000,0x00000000fff80000,0x0000000100000000)
 ParOldGen       total 699392K, used 653101K [0x00000000c0000000, 0x00000000eab00000, 0x00000000eab00000)
  object space 699392K, 93% used [0x00000000c0000000,0x00000000e7dcb748,0x00000000eab00000)
 Metaspace       used 14346K, capacity 14652K, committed 15104K, reserved 1062912K
  class space    used 1882K, capacity 1968K, committed 2048K, reserved 1048576K
Event: 297.839 GC heap after
Heap after GC invocations=180 (full 127):
 PSYoungGen      total 348672K, used 294762K [0x00000000eab00000, 0x0000000100000000, 0x0000000100000000)
  eden space 348160K, 84% used [0x00000000eab00000,0x00000000fcada810,0x00000000fff00000)
  from space 512K, 0% used [0x00000000fff00000,0x00000000fff00000,0x00000000fff80000)
  to   space 512K, 0% used [0x00000000fff80000,0x00000000fff80000,0x0000000100000000)
 ParOldGen       total 699392K, used 653101K [0x00000000c0000000, 0x00000000eab00000, 0x00000000eab00000)
  object space 699392K, 93% used [0x00000000c0000000,0x00000000e7dcb748,0x00000000eab00000)
 Metaspace       used 14346K, capacity 14652K, committed 15104K, reserved 1062912K
  class space    used 1882K, capacity 1968K, committed 2048K, reserved 1048576K
}
Event: 297.893 GC heap before
{Heap before GC invocations=181 (full 128):
 PSYoungGen      total 348672K, used 327384K [0x00000000eab00000, 0x0000000100000000, 0x0000000100000000)
  eden space 348160K, 94% used [0x00000000eab00000,0x00000000feab60b0,0x00000000fff00000)
  from space 512K, 0% used [0x00000000fff00000,0x00000000fff00000,0x00000000fff80000)
  to   space 512K, 0% used [0x00000000fff80000,0x00000000fff80000,0x0000000100000000)
 ParOldGen       total 699392K, used 653101K [0x00000000c0000000, 0x00000000eab00000, 0x00000000eab00000)
  object space 699392K, 93% used [0x00000000c0000000,0x00000000e7dcb748,0x00000000eab00000)
 Metaspace       used 14346K, capacity 14652K, committed 15104K, reserved 1062912K
  class space    used 1882K, capacity 1968K, committed 2048K, reserved 1048576K
Event: 297.941 GC heap after
Heap after GC invocations=181 (full 128):
 PSYoungGen      total 348672K, used 279043K [0x00000000eab00000, 0x0000000100000000, 0x0000000100000000)
  eden space 348160K, 80% used [0x00000000eab00000,0x00000000fbb80ed8,0x00000000fff00000)
  from space 512K, 0% used [0x00000000fff00000,0x00000000fff00000,0x00000000fff80000)
  to   space 512K, 0% used [0x00000000fff80000,0x00000000fff80000,0x0000000100000000)
 ParOldGen       total 699392K, used 653101K [0x00000000c0000000, 0x00000000eab00000, 0x00000000eab00000)
  object space 699392K, 93% used [0x00000000c0000000,0x00000000e7dcb748,0x00000000eab00000)
 Metaspace       used 14346K, capacity 14652K, committed 15104K, reserved 1062912K
  class space    used 1882K, capacity 1968K, committed 2048K, reserved 1048576K
}
Event: 297.968 GC heap before
{Heap before GC invocations=182 (full 129):
 PSYoungGen      total 348672K, used 326554K [0x00000000eab00000, 0x0000000100000000, 0x0000000100000000)
  eden space 348160K, 93% used [0x00000000eab00000,0x00000000fe9e69a8,0x00000000fff00000)
  from space 512K, 0% used [0x00000000fff00000,0x00000000fff00000,0x00000000fff80000)
  to   space 512K, 0% used [0x00000000fff80000,0x00000000fff80000,0x0000000100000000)
 ParOldGen       total 699392K, used 653101K [0x00000000c0000000, 0x00000000eab00000, 0x00000000eab00000)
  object space 699392K, 93% used [0x00000000c0000000,0x00000000e7dcb748,0x00000000eab00000)
 Metaspace       used 14346K, capacity 14652K, committed 15104K, reserved 1062912K
  class space    used 1882K, capacity 1968K, committed 2048K, reserved 1048576K
Event: 298.049 GC heap after
Heap after GC invocations=182 (full 129):
 PSYoungGen      total 348672K, used 325544K [0x00000000eab00000, 0x0000000100000000, 0x0000000100000000)
  eden space 348160K, 93% used [0x00000000eab00000,0x00000000fe8ea360,0x00000000fff00000)
  from space 512K, 0% used [0x00000000fff00000,0x00000000fff00000,0x00000000fff80000)
  to   space 512K, 0% used [0x00000000fff80000,0x00000000fff80000,0x0000000100000000)
 ParOldGen       total 699392K, used 653101K [0x00000000c0000000, 0x00000000eab00000, 0x00000000eab00000)
  object space 699392K, 93% used [0x00000000c0000000,0x00000000e7dcb748,0x00000000eab00000)
 Metaspace       used 14346K, capacity 14652K, committed 15104K, reserved 1062912K
  class space    used 1882K, capacity 1968K, committed 2048K, reserved 1048576K
}
Event: 298.049 GC heap before
{Heap before GC invocations=183 (full 130):
 PSYoungGen      total 348672K, used 325544K [0x00000000eab00000, 0x0000000100000000, 0x0000000100000000)
  eden space 348160K, 93% used [0x00000000eab00000,0x00000000fe8ea360,0x00000000fff00000)
  from space 512K, 0% used [0x00000000fff00000,0x00000000fff00000,0x00000000fff80000)
  to   space 512K, 0% used [0x00000000fff80000,0x00000000fff80000,0x0000000100000000)
 ParOldGen       total 699392K, used 653101K [0x00000000c0000000, 0x00000000eab00000, 0x00000000eab00000)
  object space 699392K, 93% used [0x00000000c0000000,0x00000000e7dcb748,0x00000000eab00000)
 Metaspace       used 14346K, capacity 14652K, committed 15104K, reserved 1062912K
  class space    used 1882K, capacity 1968K, committed 2048K, reserved 1048576K
Event: 298.634 GC heap after
Heap after GC invocations=183 (full 130):
 PSYoungGen      total 348672K, used 325544K [0x00000000eab00000, 0x0000000100000000, 0x0000000100000000)
  eden space 348160K, 93% used [0x00000000eab00000,0x00000000fe8ea360,0x00000000fff00000)
  from space 512K, 0% used [0x00000000fff00000,0x00000000fff00000,0x00000000fff80000)
  to   space 512K, 0% used [0x00000000fff80000,0x00000000fff80000,0x0000000100000000)
 ParOldGen       total 699392K, used 653086K [0x00000000c0000000, 0x00000000eab00000, 0x00000000eab00000)
  object space 699392K, 93% used [0x00000000c0000000,0x00000000e7dc7aa0,0x00000000eab00000)
 Metaspace       used 14346K, capacity 14652K, committed 15104K, reserved 1062912K
  class space    used 1882K, capacity 1968K, committed 2048K, reserved 1048576K
}

Deoptimization events (10 events):
Event: 32.251 Thread 0x000000005794e000 Uncommon trap: reason=unstable_if action=reinterpret pc=0x0000000002bef078 method=br.edu.ifsp.IniciacaoCientifica.ImageFrame.aplicaThreshold(Lbr/edu/ifsp/IniciacaoCientifica/GImage;[[[I[DI)V @ 143
Event: 71.976 Thread 0x000000005794e000 Uncommon trap: reason=unreached action=reinterpret pc=0x0000000002c152d8 method=br.edu.ifsp.IniciacaoCientifica.ImageFrame.getTetaY(Lbr/edu/ifsp/IniciacaoCientifica/GImage;IIII)D @ 349
Event: 78.113 Thread 0x000000005794e000 Uncommon trap: reason=unstable_if action=reinterpret pc=0x0000000002c30630 method=br.edu.ifsp.IniciacaoCientifica.ImageFrame.getTetaX(Lbr/edu/ifsp/IniciacaoCientifica/GImage;IIII)D @ 229
Event: 97.317 Thread 0x000000005794e000 Uncommon trap: reason=unstable_if action=reinterpret pc=0x0000000002c40374 method=br.edu.ifsp.IniciacaoCientifica.ImageFrame.aplicaThresholdBiParabolica(Lbr/edu/ifsp/IniciacaoCientifica/GImage;IIII[D)V @ 120
Event: 103.974 Thread 0x000000005794e000 Uncommon trap: reason=class_check action=maybe_recompile pc=0x0000000002b8a6e0 method=br.edu.ifsp.IniciacaoCientifica.GImage.minQuadradoPolinomial([D[DI)[D @ 99
Event: 103.974 Thread 0x000000005794e000 Uncommon trap: reason=unstable_if action=reinterpret pc=0x0000000002c4ec94 method=sun.misc.FDBigInteger.leftShift(I)Lsun/misc/FDBigInteger; @ 173
Event: 110.452 Thread 0x000000005794e000 Uncommon trap: reason=class_check action=maybe_recompile pc=0x0000000002b8a6e0 method=br.edu.ifsp.IniciacaoCientifica.GImage.minQuadradoPolinomial([D[DI)[D @ 99
Event: 171.353 Thread 0x000000005794e000 Uncommon trap: reason=class_check action=maybe_recompile pc=0x0000000002b8a6e0 method=br.edu.ifsp.IniciacaoCientifica.GImage.minQuadradoPolinomial([D[DI)[D @ 99
Event: 178.681 Thread 0x000000005794e000 Uncommon trap: reason=class_check action=maybe_recompile pc=0x0000000002b8a6e0 method=br.edu.ifsp.IniciacaoCientifica.GImage.minQuadradoPolinomial([D[DI)[D @ 99
Event: 298.653 Thread 0x000000005794e000 Uncommon trap: reason=null_check action=make_not_entrant pc=0x0000000002c60ee0 method=java.lang.Class.reflectionData()Ljava/lang/Class$ReflectionData; @ 24

Internal exceptions (10 events):
Event: 196.491 Thread 0x000000005794e000 Exception <a 'java/lang/ClassCastException': org.apache.commons.math3.linear.Array2DRowRealMatrix cannot be cast to org.apache.commons.math3.linear.BlockRealMatrix> (0x00000000ef227f08) thrown at [C:\re\workspace\8-2-build-windows-amd64-cygwin\jdk8u101\726ú"k·s/j@
Event: 209.483 Thread 0x000000005794e000 Exception <a 'java/lang/ClassCastException': org.apache.commons.math3.linear.Array2DRowRealMatrix cannot be cast to org.apache.commons.math3.linear.BlockRealMatrix> (0x00000000f62a79f8) thrown at [C:\re\workspace\8-2-build-windows-amd64-cygwin\jdk8u101\726ƒo13k@
Event: 217.595 Thread 0x000000005794e000 Exception <a 'java/lang/ClassCastException': org.apache.commons.math3.linear.Array2DRowRealMatrix cannot be cast to org.apache.commons.math3.linear.BlockRealMatrix> (0x00000000f6daac98) thrown at [C:\re\workspace\8-2-build-windows-amd64-cygwin\jdk8u101\726‰fBﬁßåm@
Event: 236.395 Thread 0x000000005794e000 Exception <a 'java/lang/ClassCastException': org.apache.commons.math3.linear.Array2DRowRealMatrix cannot be cast to org.apache.commons.math3.linear.BlockRealMatrix> (0x00000000ed876c50) thrown at [C:\re\workspace\8-2-build-windows-amd64-cygwin\jdk8u101\726¸fô∆?p@
Event: 259.945 Thread 0x000000005794e000 Exception <a 'java/lang/ClassCastException': org.apache.commons.math3.linear.Array2DRowRealMatrix cannot be cast to org.apache.commons.math3.linear.BlockRealMatrix> (0x00000000fe725088) thrown at [C:\re\workspace\8-2-build-windows-amd64-cygwin\jdk8u101\726è
Event: 281.144 Thread 0x000000005794e000 Exception <a 'java/lang/ClassCastException': org.apache.commons.math3.linear.Array2DRowRealMatrix cannot be cast to org.apache.commons.math3.linear.BlockRealMatrix> (0x00000000f05e1010) thrown at [C:\re\workspace\8-2-build-windows-amd64-cygwin\jdk8u101\726ñ•˘'™r@
Event: 298.635 Thread 0x000000005794e000 Exception <a 'java/lang/OutOfMemoryError'> (0x00000000c0151f38) thrown at [C:\re\workspace\8-2-build-windows-amd64-cygwin\jdk8u101\7261\hotspot\src\share\vm\gc_interface/collectedHeap.inline.hpp, line 159]
Event: 298.635 Thread 0x000000005794e000 Exception <a 'java/lang/OutOfMemoryError'> (0x00000000c0151f38) thrown at [C:\re\workspace\8-2-build-windows-amd64-cygwin\jdk8u101\7261\hotspot\src\share\vm\prims\jvm.cpp, line 1390]
Event: 298.635 Thread 0x000000005794e000 Exception <a 'java/lang/OutOfMemoryError'> (0x00000000c0151f38) thrown at [C:\re\workspace\8-2-build-windows-amd64-cygwin\jdk8u101\7261\hotspot\src\share\vm\prims\jvm.cpp, line 1390]
Event: 298.653 Thread 0x000000005794e000 Implicit null exception at 0x0000000002c60462 to 0x0000000002c60ec1

Events (10 events):
Event: 307.932 Executing VM operation: BulkRevokeBias
Event: 307.933 Executing VM operation: BulkRevokeBias done
Event: 333.985 Thread 0x0000000056804800 flushing nmethod 0x0000000002865a90
Event: 334.100 Thread 0x0000000056804800 flushing nmethod 0x000000000295ee10
Event: 334.655 Thread 0x0000000056809000 flushing nmethod 0x0000000002b08fd0
Event: 336.345 Thread 0x0000000056809000 flushing nmethod 0x0000000002b895d0
Event: 336.345 Thread 0x0000000056809000 flushing nmethod 0x0000000002b8fb50
Event: 336.463 Thread 0x0000000056809000 flushing nmethod 0x0000000002c10050
Event: 336.464 Thread 0x0000000056809000 flushing nmethod 0x0000000002c39e50
Event: 336.464 Thread 0x0000000056809000 flushing nmethod 0x0000000002c52190


Dynamic libraries:
0x000000013ffd0000 - 0x0000000140007000 	C:\Program Files\Java\jre1.8.0_101\bin\javaw.exe
0x0000000077480000 - 0x0000000077628000 	C:\Windows\SYSTEM32\ntdll.dll
0x0000000077360000 - 0x000000007747f000 	C:\Windows\system32\kernel32.dll
0x000007fefd530000 - 0x000007fefd59c000 	C:\Windows\system32\KERNELBASE.dll
0x000007feff600000 - 0x000007feff6db000 	C:\Windows\system32\ADVAPI32.dll
0x000007feff6e0000 - 0x000007feff77f000 	C:\Windows\system32\msvcrt.dll
0x000007fefded0000 - 0x000007fefdeef000 	C:\Windows\SYSTEM32\sechost.dll
0x000007fefe710000 - 0x000007fefe83d000 	C:\Windows\system32\RPCRT4.dll
0x0000000077260000 - 0x000000007735a000 	C:\Windows\system32\USER32.dll
0x000007fefe4f0000 - 0x000007fefe557000 	C:\Windows\system32\GDI32.dll
0x000007feff780000 - 0x000007feff78e000 	C:\Windows\system32\LPK.dll
0x000007fefe560000 - 0x000007fefe629000 	C:\Windows\system32\USP10.dll
0x000007fefbc30000 - 0x000007fefbe24000 	C:\Windows\WinSxS\amd64_microsoft.windows.common-controls_6595b64144ccf1df_6.0.7601.18837_none_fa3b1e3d17594757\COMCTL32.dll
0x000007fefdef0000 - 0x000007fefdf61000 	C:\Windows\system32\SHLWAPI.dll
0x000007fefde50000 - 0x000007fefde7e000 	C:\Windows\system32\IMM32.DLL
0x000007fefdbc0000 - 0x000007fefdcc9000 	C:\Windows\system32\MSCTF.dll
0x0000000073d50000 - 0x0000000073e22000 	C:\Program Files\Java\jre1.8.0_101\bin\msvcr100.dll
0x0000000068880000 - 0x000000006911a000 	C:\Program Files\Java\jre1.8.0_101\bin\server\jvm.dll
0x000007fef99e0000 - 0x000007fef99e9000 	C:\Windows\system32\WSOCK32.dll
0x000007fefde80000 - 0x000007fefdecd000 	C:\Windows\system32\WS2_32.dll
0x000007feff5d0000 - 0x000007feff5d8000 	C:\Windows\system32\NSI.dll
0x000007fefa150000 - 0x000007fefa18b000 	C:\Windows\system32\WINMM.dll
0x000007fefc320000 - 0x000007fefc32c000 	C:\Windows\system32\VERSION.dll
0x0000000077650000 - 0x0000000077657000 	C:\Windows\system32\PSAPI.DLL
0x0000000068870000 - 0x000000006887f000 	C:\Program Files\Java\jre1.8.0_101\bin\verify.dll
0x0000000068840000 - 0x0000000068869000 	C:\Program Files\Java\jre1.8.0_101\bin\java.dll
0x0000000068820000 - 0x0000000068836000 	C:\Program Files\Java\jre1.8.0_101\bin\zip.dll
0x000007fefe840000 - 0x000007feff5c9000 	C:\Windows\system32\SHELL32.dll
0x000007fefe240000 - 0x000007fefe443000 	C:\Windows\system32\ole32.dll
0x000007fefd240000 - 0x000007fefd24f000 	C:\Windows\system32\profapi.dll
0x0000000073bb0000 - 0x0000000073d48000 	C:\Program Files\Java\jre1.8.0_101\bin\awt.dll
0x000007fefe630000 - 0x000007fefe707000 	C:\Windows\system32\OLEAUT32.dll
0x000007fefb730000 - 0x000007fefb748000 	C:\Windows\system32\DWMAPI.DLL
0x000007fefd0d0000 - 0x000007fefd0df000 	C:\Windows\system32\CRYPTBASE.dll
0x000007fedddc0000 - 0x000007feddfbf000 	C:\Windows\system32\d3d9.dll
0x000007fef1480000 - 0x000007fef1487000 	C:\Windows\system32\d3d8thk.dll
0x000007fed7590000 - 0x000007fed85f9000 	C:\Windows\system32\nvd3dumx.dll
0x000007fefbf70000 - 0x000007fefbf9c000 	C:\Windows\system32\powrprof.dll
0x000007fefd5f0000 - 0x000007fefd7c7000 	C:\Windows\system32\SETUPAPI.dll
0x000007fefd270000 - 0x000007fefd2a6000 	C:\Windows\system32\CFGMGR32.dll
0x000007fefd5a0000 - 0x000007fefd5ba000 	C:\Windows\system32\DEVOBJ.dll
0x000007feeb690000 - 0x000007feeb772000 	C:\Program Files (x86)\NVIDIA Corporation\3D Vision\nvSCPAPI64.dll
0x000007feef760000 - 0x000007feef917000 	C:\Windows\system32\nvspcap64.dll
0x000007fef9920000 - 0x000007fef9991000 	C:\Windows\system32\WINHTTP.dll
0x000007fef9810000 - 0x000007fef9874000 	C:\Windows\system32\webio.dll
0x000007fee9f10000 - 0x000007feea2e0000 	C:\Windows\system32\nvapi64.dll
0x000007fefd040000 - 0x000007fefd065000 	C:\Windows\system32\SspiCli.dll
0x000007fee8c30000 - 0x000007fee8cd0000 	C:\Windows\WinSxS\amd64_microsoft.windows.common-controls_6595b64144ccf1df_5.82.7601.18837_none_a4d981ff711297b6\comctl32.dll
0x0000000073b60000 - 0x0000000073ba7000 	C:\Program Files\Java\jre1.8.0_101\bin\fontmanager.dll
0x0000000068800000 - 0x000000006881a000 	C:\Program Files\Java\jre1.8.0_101\bin\net.dll
0x000007fefca10000 - 0x000007fefca65000 	C:\Windows\system32\mswsock.dll
0x000007fefca00000 - 0x000007fefca07000 	C:\Windows\System32\wship6.dll
0x00000000687e0000 - 0x00000000687f1000 	C:\Program Files\Java\jre1.8.0_101\bin\nio.dll
0x0000000073b10000 - 0x0000000073b52000 	C:\Program Files\Java\jre1.8.0_101\bin\t2k.dll
0x000007fefd070000 - 0x000007fefd0c7000 	C:\Windows\system32\apphelp.dll
0x000007fefdcd0000 - 0x000007fefdd69000 	C:\Windows\system32\CLBCatQ.DLL
0x000007fef5ed0000 - 0x000007fef606c000 	C:\Windows\system32\NetworkExplorer.dll
0x000007fefba00000 - 0x000007fefbb2c000 	C:\Windows\system32\PROPSYS.dll
0x000007fefbf40000 - 0x000007fefbf6d000 	C:\Windows\system32\ntmarta.dll
0x000007fefddf0000 - 0x000007fefde42000 	C:\Windows\system32\WLDAP32.dll
0x000007fef7db0000 - 0x000007fef7de4000 	C:\Windows\System32\shdocvw.dll
0x000007fefae20000 - 0x000007fefae2b000 	C:\Windows\system32\slc.dll
0x000007fefa130000 - 0x000007fefa148000 	C:\Windows\system32\MPR.dll
0x000007fef1720000 - 0x000007fef172a000 	C:\Windows\System32\drprov.dll
0x000007fefc780000 - 0x000007fefc7bd000 	C:\Windows\System32\WINSTA.dll
0x000007feee680000 - 0x000007feee6a2000 	C:\Windows\System32\ntlanman.dll
0x000007fef1650000 - 0x000007fef166d000 	C:\Windows\System32\davclnt.dll
0x000007fef1490000 - 0x000007fef149a000 	C:\Windows\System32\DAVHLPR.dll
0x000007fefa870000 - 0x000007fefa885000 	C:\Windows\system32\wkscli.dll
0x000007fef6980000 - 0x000007fef698f000 	C:\Windows\system32\cscapi.dll
0x000007fefa890000 - 0x000007fefa89c000 	C:\Windows\system32\netutils.dll
0x000007feddfc0000 - 0x000007fede231000 	C:\Windows\system32\wpdshext.dll
0x000007fefb4f0000 - 0x000007fefb706000 	C:\Windows\WinSxS\amd64_microsoft.windows.gdiplus_6595b64144ccf1df_1.1.7601.18852_none_2b28839e71e973ae\gdiplus.dll
0x000007fef14a0000 - 0x000007fef155d000 	C:\Windows\system32\PortableDeviceApi.dll
0x000007fefd380000 - 0x000007fefd3bb000 	C:\Windows\system32\WINTRUST.dll
0x000007fefd3c0000 - 0x000007fefd52d000 	C:\Windows\system32\CRYPT32.dll
0x000007fefd230000 - 0x000007fefd23f000 	C:\Windows\system32\MSASN1.dll
0x000007fef0d10000 - 0x000007fef0d49000 	C:\Windows\system32\PortableDeviceTypes.dll
0x000007fef7ff0000 - 0x000007fef8025000 	C:\Windows\system32\EhStorShell.dll
0x000007fef16f0000 - 0x000007fef1717000 	C:\Windows\system32\EhStorAPI.dll
0x000007fef7d90000 - 0x000007fef7d9c000 	C:\Windows\system32\LINKINFO.dll
0x000007fefb240000 - 0x000007fefb3a1000 	C:\Windows\system32\WindowsCodecs.dll
0x000007fef6a00000 - 0x000007fef6c3d000 	C:\PROGRA~1\MICROS~2\Office15\GROOVEEX.DLL
0x0000000073370000 - 0x0000000073408000 	C:\Windows\system32\MSVCP100.dll
0x0000000073340000 - 0x000000007336b000 	C:\Windows\system32\ATL100.DLL
0x000007fef61a0000 - 0x000007fef64be000 	C:\Windows\system32\msi.dll
0x000007fef5250000 - 0x000007fef5891000 	C:\PROGRA~1\MICROS~2\Office15\1046\GrooveIntlResource.dll
0x000007fef7f70000 - 0x000007fef7fee000 	C:\Windows\System32\cscui.dll
0x000007fef80a0000 - 0x000007fef80ac000 	C:\Windows\System32\CSCDLL.dll
0x000007fef66b0000 - 0x000007fef6730000 	C:\Windows\system32\ntshrui.dll
0x000007fefccf0000 - 0x000007fefcd13000 	C:\Windows\system32\srvcli.dll
0x0000000073ad0000 - 0x0000000073b01000 	C:\Program Files\Java\jre1.8.0_101\bin\jpeg.dll
0x0000000073a20000 - 0x0000000073ac2000 	C:\Program Files\Java\jre1.8.0_101\bin\mlib_image.dll

VM Arguments:
jvm_args: -Dfile.encoding=Cp1252 
java_command: br.edu.ifsp.IniciacaoCientifica.TestaProjeto
java_class_path (initial): R:\Eclipse Workspace\ProjetoIniciacaoCientifica\bin;R:\Eclipse Workspace\ProjetoIniciacaoCientifica\commons-math3-3.6.1.jar
Launcher Type: SUN_STANDARD

Environment Variables:
PATH=C:/Program Files/Java/jre1.8.0_101/bin/server;C:/Program Files/Java/jre1.8.0_101/bin;C:/Program Files/Java/jre1.8.0_101/lib/amd64;C:\ProgramData\Oracle\Java\javapath;C:\Windows\system32;C:\Windows;C:\Windows\System32\Wbem;C:\Windows\System32\WindowsPowerShell\v1.0\;C:\TDM-GCC-64\bin;C:\Program Files (x86)\Skype\Phone\;C:\Program Files (x86)\NVIDIA Corporation\PhysX\Common;C:\Program Files\eclipseJava;
USERNAME=r0xxFFFF
OS=Windows_NT
PROCESSOR_IDENTIFIER=Intel64 Family 6 Model 15 Stepping 11, GenuineIntel



---------------  S Y S T E M  ---------------

OS: Windows 7 , 64 bit Build 7601 (6.1.7601.18847)

CPU:total 4 (4 cores per cpu, 1 threads per core) family 6 model 15 stepping 11, cmov, cx8, fxsr, mmx, sse, sse2, sse3, ssse3, tsc

Memory: 4k page, physical 4193392k(628036k free), swap 6288692k(5620k free)

vm_info: Java HotSpot(TM) 64-Bit Server VM (25.101-b13) for windows-amd64 JRE (1.8.0_101-b13), built on Jun 22 2016 01:21:29 by "java_re" with MS VC++ 10.0 (VS2010)

time: Sun Sep 18 19:56:48 2016
elapsed time: 338 seconds (0d 0h 5m 38s)

