JvmtiExport can_access_local_variables 0
JvmtiExport can_hotswap_or_post_breakpoint 0
JvmtiExport can_post_on_exceptions 0
# 143 ciObject found
instanceKlass sun/java2d/SurfaceDataProxy$CountdownTracker
instanceKlass java/util/ArrayList$1
instanceKlass org/apache/commons/math3/linear/DefaultRealMatrixPreservingVisitor
instanceKlass org/apache/commons/math3/linear/QRDecomposition$Solver
instanceKlass org/apache/commons/math3/linear/DecompositionSolver
instanceKlass org/apache/commons/math3/linear/QRDecomposition
instanceKlass org/apache/commons/math3/util/MathUtils
instanceKlass java/lang/StrictMath
instanceKlass org/apache/commons/math3/util/FastMath
instanceKlass org/apache/commons/math3/linear/RealMatrixChangingVisitor
instanceKlass org/apache/commons/math3/linear/RealMatrixPreservingVisitor
instanceKlass java/text/DigitList
instanceKlass java/text/FieldPosition
instanceKlass java/util/Currency$CurrencyNameGetter
instanceKlass sun/util/locale/provider/LocaleServiceProviderPool$LocalizedObjectGetter
instanceKlass sun/util/locale/provider/SPILocaleProviderAdapter$1
instanceKlass sun/util/locale/provider/LocaleServiceProviderPool
instanceKlass java/util/Currency$1
instanceKlass java/util/Currency
instanceKlass java/text/DecimalFormatSymbols
instanceKlass java/util/concurrent/atomic/AtomicMarkableReference$Pair
instanceKlass java/util/concurrent/atomic/AtomicMarkableReference
instanceKlass sun/util/resources/LocaleData$1
instanceKlass sun/util/resources/LocaleData
instanceKlass sun/util/locale/provider/LocaleResources
instanceKlass sun/util/locale/provider/JRELocaleProviderAdapter$1
instanceKlass sun/util/locale/provider/LocaleDataMetaInfo
instanceKlass sun/util/locale/provider/AvailableLanguageTags
instanceKlass sun/util/locale/provider/LocaleProviderAdapter$1
instanceKlass sun/util/locale/provider/ResourceBundleBasedAdapter
instanceKlass sun/util/locale/provider/LocaleProviderAdapter
instanceKlass java/util/spi/LocaleServiceProvider
instanceKlass java/text/Format
instanceKlass org/apache/commons/math3/util/CompositeFormat
instanceKlass org/apache/commons/math3/linear/RealMatrixFormat
instanceKlass org/apache/commons/math3/linear/RealVector
instanceKlass org/apache/commons/math3/linear/RealLinearOperator
instanceKlass org/apache/commons/math3/linear/RealMatrix
instanceKlass org/apache/commons/math3/linear/AbstractFieldMatrix
instanceKlass org/apache/commons/math3/linear/FieldMatrix
instanceKlass org/apache/commons/math3/linear/AnyMatrix
instanceKlass org/apache/commons/math3/linear/FieldVector
instanceKlass org/apache/commons/math3/exception/util/Localizable
instanceKlass org/apache/commons/math3/exception/util/ExceptionContextProvider
